<?xml version="1.0" encoding="UTF-8"?>
<testng-results skipped="0" failed="0" total="1" passed="1">
  <reporter-output>
  </reporter-output>
  <suite name="Default suite" duration-ms="13767" started-at="2015-07-20T13:18:05Z" finished-at="2015-07-20T13:18:19Z">
    <groups>
    </groups>
    <test name="Default test" duration-ms="13767" started-at="2015-07-20T13:18:05Z" finished-at="2015-07-20T13:18:19Z">
      <class name="com.testng.pom.GmailPOMtest">
        <test-method status="PASS" signature="f()[pri:0, instance:com.testng.pom.GmailPOMtest@81db25]" name="f" duration-ms="13746" started-at="2015-07-20T18:48:05Z" finished-at="2015-07-20T18:48:19Z">
          <reporter-output>
          </reporter-output>
        </test-method> <!-- f -->
      </class> <!-- com.testng.pom.GmailPOMtest -->
    </test> <!-- Default test -->
  </suite> <!-- Default suite -->
</testng-results>
